<?xml version="1.0" encoding="UTF-8"?>
<!-- Generated by org.testng.reporters.JUnitXMLReporter -->
<testsuite ignored="0" hostname="MSI" failures="1" tests="4" name="Surefire test" time="6.963" errors="0" timestamp="2023-04-04T16:12:15 CDT">
  <testcase classname="api.test.UserTests" name="testPostUser" time="4.529">
    <failure type="java.lang.AssertionError" message="expected [400] but found [200]">
      <![CDATA[java.lang.AssertionError: expected [400] but found [200]
at api.test.UserTests.testPostUser(UserTests.java:46)
at java.base/java.util.ArrayList.forEach(ArrayList.java:1511)
... Removed 39 stack frames]]>
    </failure>
  </testcase> <!-- testPostUser -->
  <testcase classname="api.test.UserTests" name="testGetUserByName" time="0.242"/>
  <testcase classname="api.test.UserTests" name="testUpdateUserByName" time="0.453"/>
  <testcase classname="api.test.UserTests" name="deleteUserByName" time="0.215"/>
</testsuite> <!-- Surefire test -->
