-------------------------------------------------------------------------------
Test set: api.test.UserTests
-------------------------------------------------------------------------------
Tests run: 4, Failures: 1, Errors: 0, Skipped: 0, Time elapsed: 3.957 s <<< FAILURE! - in api.test.UserTests
api.test.UserTests.testPostUser  Time elapsed: 1.926 s  <<< FAILURE!
java.lang.AssertionError: expected [400] but found [200]
	at api.test.UserTests.testPostUser(UserTests.java:46)

