<?xml version="1.0" encoding="UTF-8"?>
<testsuite xmlns:xsi="http://www.w3.org/2001/XMLSchema-instance" xsi:noNamespaceSchemaLocation="https://maven.apache.org/surefire/maven-surefire-plugin/xsd/surefire-test-report-3.0.xsd" version="3.0" name="api.test.UserTests" time="7.381" tests="4" errors="0" skipped="0" failures="1">
  <properties>
[...]
</properties>
  <testcase name="testPostUser" classname="api.test.UserTests" time="4.531">
    <failure message="expected [400] but found [200]" type="java.lang.AssertionError"><![CDATA[java.lang.AssertionError: expected [400] but found [200]
	at api.test.UserTests.testPostUser(UserTests.java:46)
]]></failure>
    <system-out><![CDATA[Shruthiiiii@@@@@@@@@@@@@@@@@@@@@@@@@@@@@@@@@@@@@@@@@@@***************
HTTP/1.1 200 OK
Date: Tue, 04 Apr 2023 21:12:21 GMT
Content-Type: application/json
Transfer-Encoding: chunked
Connection: keep-alive
Access-Control-Allow-Origin: *
Access-Control-Allow-Methods: GET, POST, DELETE, PUT
Access-Control-Allow-Headers: Content-Type, api_key, Authorization
Server: Jetty(9.2.9.v20150224)

{
    "code": 200,
    "type": "unknown",
    "message": "1470344997"
}
]]></system-out>
    <system-err><![CDATA[SLF4J: Failed to load class "org.slf4j.impl.StaticLoggerBinder".
SLF4J: Defaulting to no-operation (NOP) logger implementation
SLF4J: See http://www.slf4j.org/codes.html#StaticLoggerBinder for further details.
]]></system-err>
  </testcase>
  <testcase name="testGetUserByName" classname="api.test.UserTests" time="0.243">
    <system-out><![CDATA[******otto.lockman
HTTP/1.1 200 OK
Date: Tue, 04 Apr 2023 21:12:22 GMT
Content-Type: application/json
Transfer-Encoding: chunked
Connection: keep-alive
Access-Control-Allow-Origin: *
Access-Control-Allow-Methods: GET, POST, DELETE, PUT
Access-Control-Allow-Headers: Content-Type, api_key, Authorization
Server: Jetty(9.2.9.v20150224)

{
    "id": 1470344997,
    "username": "otto.lockman",
    "firstName": "Deon",
    "lastName": "Olson",
    "email": "caryn.torp@example.com",
    "password": "xz44e",
    "phone": "080-735-0392",
    "userStatus": 0
}
]]></system-out>
  </testcase>
  <testcase name="testUpdateUserByName" classname="api.test.UserTests" time="0.454">
    <system-out><![CDATA[{
    "code": 200,
    "type": "unknown",
    "message": "1470344997"
}
******otto.lockman
HTTP/1.1 200 OK
Date: Tue, 04 Apr 2023 21:12:22 GMT
Content-Type: application/json
Transfer-Encoding: chunked
Connection: keep-alive
Access-Control-Allow-Origin: *
Access-Control-Allow-Methods: GET, POST, DELETE, PUT
Access-Control-Allow-Headers: Content-Type, api_key, Authorization
Server: Jetty(9.2.9.v20150224)

{
    "id": 1470344997,
    "username": "otto.lockman",
    "firstName": "Marie",
    "lastName": "Beer",
    "email": "merrill.klocko@example.com",
    "password": "xz44e",
    "phone": "080-735-0392",
    "userStatus": 0
}
]]></system-out>
  </testcase>
  <testcase name="deleteUserByName" classname="api.test.UserTests" time="0.215"/>
</testsuite>