<?xml version="1.0" encoding="UTF-8"?>
<testsuite xmlns:xsi="http://www.w3.org/2001/XMLSchema-instance" xsi:noNamespaceSchemaLocation="https://maven.apache.org/surefire/maven-surefire-plugin/xsd/surefire-test-report-3.0.xsd" version="3.0" name="api.test.UserTests" time="3.957" tests="4" errors="0" skipped="0" failures="1">
  <properties>
[...]
</properties>
  <testcase name="testPostUser" classname="api.test.UserTests" time="1.926">
    <failure message="expected [400] but found [200]" type="java.lang.AssertionError"><![CDATA[java.lang.AssertionError: expected [400] but found [200]
	at api.test.UserTests.testPostUser(UserTests.java:46)
]]></failure>
    <system-out><![CDATA[Shruthiiiii@@@@@@@@@@@@@@@@@@@@@@@@@@@@@@@@@@@@@@@@@@@***************
HTTP/1.1 200 OK
Date: Sat, 15 Apr 2023 20:43:11 GMT
Content-Type: application/json
Transfer-Encoding: chunked
Connection: keep-alive
Access-Control-Allow-Origin: *
Access-Control-Allow-Methods: GET, POST, DELETE, PUT
Access-Control-Allow-Headers: Content-Type, api_key, Authorization
Server: Jetty(9.2.9.v20150224)

{
    "code": 200,
    "type": "unknown",
    "message": "2135449562"
}
]]></system-out>
    <system-err><![CDATA[SLF4J: Failed to load class "org.slf4j.impl.StaticLoggerBinder".
SLF4J: Defaulting to no-operation (NOP) logger implementation
SLF4J: See http://www.slf4j.org/codes.html#StaticLoggerBinder for further details.
]]></system-err>
  </testcase>
  <testcase name="testGetUserByName" classname="api.test.UserTests" time="0.242">
    <system-out><![CDATA[******danilo.gorczany
HTTP/1.1 200 OK
Date: Sat, 15 Apr 2023 20:43:12 GMT
Content-Type: application/json
Transfer-Encoding: chunked
Connection: keep-alive
Access-Control-Allow-Origin: *
Access-Control-Allow-Methods: GET, POST, DELETE, PUT
Access-Control-Allow-Headers: Content-Type, api_key, Authorization
Server: Jetty(9.2.9.v20150224)

{
    "id": 2135449562,
    "username": "danilo.gorczany",
    "firstName": "Ronni",
    "lastName": "Hills",
    "email": "annamaria.west@example.com",
    "password": "kt7zabnr",
    "phone": "906.211.1552",
    "userStatus": 0
}
]]></system-out>
  </testcase>
  <testcase name="testUpdateUserByName" classname="api.test.UserTests" time="0.451">
    <system-out><![CDATA[{
    "code": 200,
    "type": "unknown",
    "message": "2135449562"
}
******danilo.gorczany
HTTP/1.1 200 OK
Date: Sat, 15 Apr 2023 20:43:12 GMT
Content-Type: application/json
Transfer-Encoding: chunked
Connection: keep-alive
Access-Control-Allow-Origin: *
Access-Control-Allow-Methods: GET, POST, DELETE, PUT
Access-Control-Allow-Headers: Content-Type, api_key, Authorization
Server: Jetty(9.2.9.v20150224)

{
    "id": 2135449562,
    "username": "danilo.gorczany",
    "firstName": "Lashon",
    "lastName": "Welch",
    "email": "bell.feeney@example.com",
    "password": "kt7zabnr",
    "phone": "906.211.1552",
    "userStatus": 0
}
]]></system-out>
  </testcase>
  <testcase name="deleteUserByName" classname="api.test.UserTests" time="0.209"/>
</testsuite>