<?xml version="1.0" encoding="UTF-8"?>
<!-- Generated by org.testng.reporters.JUnitXMLReporter -->
<testsuite ignored="0" hostname="MSI" failures="3" tests="4" name="PetTest" time="3.304" errors="0" timestamp="2023-04-04T12:17:50 CDT">
  <testcase classname="api.test.UserTests2" name="testPostUser" time="1.655">
    <failure type="java.lang.AssertionError" message="expected [400] but found [200]">
      <![CDATA[java.lang.AssertionError: expected [400] but found [200]
at api.test.UserTests2.testPostUser(UserTests2.java:46)
at java.base/java.util.ArrayList.forEach(ArrayList.java:1511)
... Removed 34 stack frames]]>
    </failure>
  </testcase> <!-- testPostUser -->
  <testcase classname="api.test.UserTests2" name="testGetUserByName" time="0.251">
    <failure type="java.lang.AssertionError" message="expected [400] but found [200]">
      <![CDATA[java.lang.AssertionError: expected [400] but found [200]
at api.test.UserTests2.testGetUserByName(UserTests2.java:57)
at java.base/java.util.ArrayList.forEach(ArrayList.java:1511)
... Removed 34 stack frames]]>
    </failure>
  </testcase> <!-- testGetUserByName -->
  <testcase classname="api.test.UserTests2" name="testUpdateUserByName" time="0.46"/>
  <testcase classname="api.test.UserTests2" name="deleteUserByName" time="0.002">
    <failure type="java.util.MissingResourceException" message="Can&amp;apos;t find resource for bundle java.util.PropertyResourceBundle, key delete_url">
      <![CDATA[java.util.MissingResourceException: Can't find resource for bundle java.util.PropertyResourceBundle, key delete_url
at java.base/java.util.ResourceBundle.getObject(ResourceBundle.java:563)
at java.base/java.util.ResourceBundle.getString(ResourceBundle.java:520)
at api.endpoints.UserEndPoints2.deleteUser(UserEndPoints2.java:63)
at api.test.UserTests2.deleteUserByName(UserTests2.java:86)
at java.base/java.util.ArrayList.forEach(ArrayList.java:1511)
... Removed 27 stack frames]]>
    </failure>
  </testcase> <!-- deleteUserByName -->
</testsuite> <!-- PetTest -->
